Running: job=3 idx=3 -> chi2_lung_cancer_df, Artificial_Bee_Colony, iter=50, particles=10
No. selected genes: 14
Naive_Bayes
F1 score: 0.8828511530398322
SVM
F1 score: 0.7125000000000001
kNN
F1 score: 0.8960317460317461
Random_Forest
F1 score: 0.8424603174603174
------------------------------------------
Running: job=3 idx=9 -> Ridge_lung_cancer_df, Artificial_Bee_Colony, iter=50, particles=10
No. selected genes: 118
Naive_Bayes
F1 score: 0.6670534117045743
SVM
F1 score: 0.7622222222222222
kNN
F1 score: 0.7673809523809523
Random_Forest
F1 score: 0.8211779448621552
------------------------------------------
Running: job=3 idx=15 -> SVM_RFE_lung_cancer_df, Artificial_Bee_Colony, iter=50, particles=10
No. selected genes: 46
Naive_Bayes
F1 score: 0.9257070707070707
SVM
F1 score: 0.9761616161616162
kNN
F1 score: 0.9496031746031747
Random_Forest
F1 score: 0.9496031746031747
------------------------------------------
Running: job=3 idx=21 -> chi2_lung_cancer_df, Particle_Swarm_Optimization, iter=50, particles=10
No. selected genes: 248
Naive_Bayes
F1 score: 0.9496031746031747
SVM
F1 score: 0.9496031746031747
kNN
F1 score: 0.9761616161616162
Random_Forest
F1 score: 0.9496031746031747
------------------------------------------
Running: job=3 idx=27 -> Ridge_lung_cancer_df, Particle_Swarm_Optimization, iter=50, particles=10
No. selected genes: 388
Naive_Bayes
F1 score: 0.6944388944388944
SVM
F1 score: 0.9238721804511278
kNN
F1 score: 0.8112573099415205
Random_Forest
F1 score: 0.7867816091954023
------------------------------------------
Running: job=3 idx=33 -> SVM_RFE_lung_cancer_df, Particle_Swarm_Optimization, iter=50, particles=10
No. selected genes: 26
Naive_Bayes
F1 score: 0.8960317460317461
SVM
F1 score: 0.8295668549905837
kNN
F1 score: 0.9496031746031747
Random_Forest
F1 score: 0.9187134502923977
------------------------------------------
Running: job=3 idx=39 -> chi2_lung_cancer_df, Artificial_Bee_Colony, iter=50, particles=20
No. selected genes: 131
Naive_Bayes
F1 score: 0.9496031746031747
SVM
F1 score: 0.9496031746031747
kNN
F1 score: 0.9761616161616162
Random_Forest
F1 score: 0.9257070707070707
------------------------------------------
Running: job=3 idx=45 -> Ridge_lung_cancer_df, Artificial_Bee_Colony, iter=50, particles=20
No. selected genes: 34
Naive_Bayes
F1 score: 0.6438095238095236
SVM
F1 score: 0.6250746268656717
kNN
F1 score: 0.6354166666666667
Random_Forest
F1 score: 0.768888888888889
------------------------------------------
Running: job=3 idx=51 -> SVM_RFE_lung_cancer_df, Artificial_Bee_Colony, iter=50, particles=20
No. selected genes: 36
Naive_Bayes
F1 score: 0.9257070707070707
SVM
F1 score: 0.9761616161616162
kNN
F1 score: 0.9761616161616162
Random_Forest
F1 score: 0.9496031746031747
------------------------------------------
Running: job=3 idx=57 -> chi2_lung_cancer_df, Particle_Swarm_Optimization, iter=50, particles=20
No. selected genes: 262
Naive_Bayes
F1 score: 0.9496031746031747
SVM
F1 score: 0.9496031746031747
kNN
F1 score: 0.9496031746031747
Random_Forest
F1 score: 0.9496031746031747
------------------------------------------
Running: job=3 idx=63 -> Ridge_lung_cancer_df, Particle_Swarm_Optimization, iter=50, particles=20
No. selected genes: 252
Naive_Bayes
F1 score: 0.7371026136983583
SVM
F1 score: 0.9238721804511278
kNN
F1 score: 0.810996771589992
Random_Forest
F1 score: 0.7013824884792627
------------------------------------------
Running: job=3 idx=69 -> SVM_RFE_lung_cancer_df, Particle_Swarm_Optimization, iter=50, particles=20
No. selected genes: 28
Naive_Bayes
F1 score: 0.9257070707070707
SVM
F1 score: 0.9496031746031747
kNN
F1 score: 0.9496031746031747
Random_Forest
F1 score: 0.9496031746031747
------------------------------------------
Running: job=3 idx=75 -> chi2_lung_cancer_df, Artificial_Bee_Colony, iter=100, particles=10
No. selected genes: 483
Naive_Bayes
F1 score: 0.9496031746031747
SVM
F1 score: 0.9496031746031747
kNN
F1 score: 0.9761616161616162
Random_Forest
F1 score: 0.9496031746031747
------------------------------------------
Running: job=3 idx=81 -> Ridge_lung_cancer_df, Artificial_Bee_Colony, iter=100, particles=10
No. selected genes: 371
Naive_Bayes
F1 score: 0.6989627039627039
SVM
F1 score: 0.9
kNN
F1 score: 0.7927339901477832
Random_Forest
F1 score: 0.8644874899112187
------------------------------------------
Running: job=3 idx=87 -> SVM_RFE_lung_cancer_df, Artificial_Bee_Colony, iter=100, particles=10
No. selected genes: 21
Naive_Bayes
F1 score: 0.9257070707070707
SVM
F1 score: 0.8806130268199233
kNN
F1 score: 0.9496031746031747
Random_Forest
F1 score: 0.9496031746031747
------------------------------------------
Running: job=3 idx=93 -> chi2_lung_cancer_df, Particle_Swarm_Optimization, iter=100, particles=10
No. selected genes: 255
Naive_Bayes
F1 score: 0.9257070707070707
SVM
F1 score: 0.9496031746031747
kNN
F1 score: 0.9761616161616162
Random_Forest
F1 score: 0.9496031746031747
------------------------------------------
Running: job=3 idx=99 -> Ridge_lung_cancer_df, Particle_Swarm_Optimization, iter=100, particles=10
No. selected genes: 361
Naive_Bayes
F1 score: 0.7139281008846227
SVM
F1 score: 0.9238721804511278
kNN
F1 score: 0.7867816091954023
Random_Forest
F1 score: 0.8029808985741189
------------------------------------------
Running: job=3 idx=105 -> SVM_RFE_lung_cancer_df, Particle_Swarm_Optimization, iter=100, particles=10
No. selected genes: 31
Naive_Bayes
F1 score: 0.951851851851852
SVM
F1 score: 0.9496031746031747
kNN
F1 score: 0.9496031746031747
Random_Forest
F1 score: 0.9187134502923977
------------------------------------------
Running: job=3 idx=111 -> chi2_lung_cancer_df, Artificial_Bee_Colony, iter=100, particles=20
No. selected genes: 11
Naive_Bayes
F1 score: 0.8344771241830065
SVM
F1 score: 0.6887912087912087
kNN
F1 score: 0.85
Random_Forest
F1 score: 0.7771212121212121
------------------------------------------
Running: job=3 idx=117 -> Ridge_lung_cancer_df, Artificial_Bee_Colony, iter=100, particles=20
No. selected genes: 90
Naive_Bayes
F1 score: 0.6876479076479076
SVM
F1 score: 0.7803864168618266
kNN
F1 score: 0.8246390168970814
Random_Forest
F1 score: 0.810996771589992
------------------------------------------
Running: job=3 idx=123 -> SVM_RFE_lung_cancer_df, Artificial_Bee_Colony, iter=100, particles=20
No. selected genes: 47
Naive_Bayes
F1 score: 0.9257070707070707
SVM
F1 score: 0.9761616161616162
kNN
F1 score: 0.9496031746031747
Random_Forest
F1 score: 0.9496031746031747
------------------------------------------
Running: job=3 idx=129 -> chi2_lung_cancer_df, Particle_Swarm_Optimization, iter=100, particles=20
No. selected genes: 248
Naive_Bayes
F1 score: 0.9
SVM
F1 score: 0.9496031746031747
kNN
F1 score: 0.9292662473794551
Random_Forest
F1 score: 0.9496031746031747
------------------------------------------
Running: job=3 idx=135 -> Ridge_lung_cancer_df, Particle_Swarm_Optimization, iter=100, particles=20
No. selected genes: 505
Naive_Bayes
F1 score: 0.667144522144522
SVM
F1 score: 0.9238721804511278
kNN
F1 score: 0.8359195402298851
Random_Forest
F1 score: 0.8029808985741189
------------------------------------------
Running: job=3 idx=141 -> SVM_RFE_lung_cancer_df, Particle_Swarm_Optimization, iter=100, particles=20
No. selected genes: 23
Naive_Bayes
F1 score: 0.9037037037037038
SVM
F1 score: 0.9187134502923977
kNN
F1 score: 0.9496031746031747
Random_Forest
F1 score: 0.9496031746031747
------------------------------------------
Running: job=3 idx=147 -> chi2_lung_cancer_df, Artificial_Bee_Colony, iter=200, particles=10
No. selected genes: 95
Naive_Bayes
F1 score: 0.9037037037037038
SVM
F1 score: 0.9496031746031747
kNN
F1 score: 0.9496031746031747
Random_Forest
F1 score: 0.8960317460317461
------------------------------------------
Running: job=3 idx=153 -> Ridge_lung_cancer_df, Artificial_Bee_Colony, iter=200, particles=10
No. selected genes: 194
Naive_Bayes
F1 score: 0.6445394436844506
SVM
F1 score: 0.8933908045977011
kNN
F1 score: 0.8211779448621555
Random_Forest
F1 score: 0.846031746031746
------------------------------------------
Running: job=3 idx=159 -> SVM_RFE_lung_cancer_df, Artificial_Bee_Colony, iter=200, particles=10
No. selected genes: 10
Naive_Bayes
F1 score: 0.8960317460317461
SVM
F1 score: 0.7150000000000001
kNN
F1 score: 0.8929939792008756
Random_Forest
F1 score: 0.8629001883239171
------------------------------------------
Running: job=3 idx=165 -> chi2_lung_cancer_df, Particle_Swarm_Optimization, iter=200, particles=10
No. selected genes: 245
Naive_Bayes
F1 score: 0.9496031746031747
SVM
F1 score: 0.9496031746031747
kNN
F1 score: 0.9761616161616162
Random_Forest
F1 score: 0.9187134502923977
------------------------------------------
Running: job=3 idx=171 -> Ridge_lung_cancer_df, Particle_Swarm_Optimization, iter=200, particles=10
No. selected genes: 500
Naive_Bayes
F1 score: 0.6944388944388944
SVM
F1 score: 0.9257070707070707
kNN
F1 score: 0.7309523809523809
Random_Forest
F1 score: 0.8454433497536946
------------------------------------------
Running: job=3 idx=177 -> SVM_RFE_lung_cancer_df, Particle_Swarm_Optimization, iter=200, particles=10
No. selected genes: 26
Naive_Bayes
F1 score: 0.85
SVM
F1 score: 0.9187134502923977
kNN
F1 score: 0.9187134502923977
Random_Forest
F1 score: 0.9496031746031747
------------------------------------------
Running: job=3 idx=183 -> chi2_lung_cancer_df, Artificial_Bee_Colony, iter=50, particles=50
No. selected genes: 10
Naive_Bayes
F1 score: 0.8123076923076923
SVM
F1 score: 0.7125000000000001
kNN
F1 score: 0.8820779220779219
Random_Forest
F1 score: 0.7733333333333333
------------------------------------------
Running: job=3 idx=189 -> Ridge_lung_cancer_df, Artificial_Bee_Colony, iter=50, particles=50
No. selected genes: 88
Naive_Bayes
F1 score: 0.6502639517345399
SVM
F1 score: 0.6887912087912087
kNN
F1 score: 0.8454433497536946
Random_Forest
F1 score: 0.8644874899112187
------------------------------------------
Running: job=3 idx=195 -> SVM_RFE_lung_cancer_df, Artificial_Bee_Colony, iter=50, particles=50
No. selected genes: 34
Naive_Bayes
F1 score: 0.9037037037037038
SVM
F1 score: 0.8806130268199233
kNN
F1 score: 0.9187134502923977
Random_Forest
F1 score: 0.9496031746031747
------------------------------------------
Running: job=3 idx=201 -> chi2_lung_cancer_df, Particle_Swarm_Optimization, iter=50, particles=50
No. selected genes: 247
Naive_Bayes
F1 score: 0.9496031746031747
SVM
F1 score: 0.9496031746031747
kNN
F1 score: 0.9496031746031747
Random_Forest
F1 score: 0.9496031746031747
------------------------------------------
Running: job=3 idx=207 -> Ridge_lung_cancer_df, Particle_Swarm_Optimization, iter=50, particles=50
No. selected genes: 511
Naive_Bayes
F1 score: 0.7445035460992908
SVM
F1 score: 0.95
kNN
F1 score: 0.810996771589992
Random_Forest
F1 score: 0.8029808985741189
------------------------------------------
Running: job=3 idx=213 -> SVM_RFE_lung_cancer_df, Particle_Swarm_Optimization, iter=50, particles=50
No. selected genes: 29
Naive_Bayes
F1 score: 0.8592307692307692
SVM
F1 score: 0.9187134502923977
kNN
F1 score: 0.9187134502923977
Random_Forest
F1 score: 0.9496031746031747
------------------------------------------
Running: job=3 idx=219 -> chi2_lung_cancer_df, Artificial_Bee_Colony, iter=200, particles=20
No. selected genes: 23
Naive_Bayes
F1 score: 0.9031481481481481
SVM
F1 score: 0.7622222222222222
kNN
F1 score: 0.95
Random_Forest
F1 score: 0.9037037037037038
------------------------------------------
Running: job=3 idx=225 -> Ridge_lung_cancer_df, Artificial_Bee_Colony, iter=200, particles=20
No. selected genes: 134
Naive_Bayes
F1 score: 0.6894660894660893
SVM
F1 score: 0.8049999999999999
kNN
F1 score: 0.7376436781609196
Random_Forest
F1 score: 0.8029808985741189
------------------------------------------
Running: job=3 idx=231 -> SVM_RFE_lung_cancer_df, Artificial_Bee_Colony, iter=200, particles=20
No. selected genes: 36
Naive_Bayes
F1 score: 0.9257070707070707
SVM
F1 score: 0.9187134502923977
kNN
F1 score: 0.9187134502923977
Random_Forest
F1 score: 0.9187134502923977
------------------------------------------
Running: job=3 idx=237 -> chi2_lung_cancer_df, Particle_Swarm_Optimization, iter=200, particles=20
No. selected genes: 248
Naive_Bayes
F1 score: 0.9257070707070707
SVM
F1 score: 0.9496031746031747
kNN
F1 score: 0.9496031746031747
Random_Forest
F1 score: 0.9496031746031747
------------------------------------------
Running: job=3 idx=243 -> Ridge_lung_cancer_df, Particle_Swarm_Optimization, iter=200, particles=20
No. selected genes: 471
Naive_Bayes
F1 score: 0.7266161616161615
SVM
F1 score: 0.95
kNN
F1 score: 0.846031746031746
Random_Forest
F1 score: 0.8402846195949645
------------------------------------------
Running: job=3 idx=249 -> SVM_RFE_lung_cancer_df, Particle_Swarm_Optimization, iter=200, particles=20
No. selected genes: 28
Naive_Bayes
F1 score: 0.8608187134502924
SVM
F1 score: 0.8806130268199233
kNN
F1 score: 0.8960317460317461
Random_Forest
F1 score: 0.8806130268199233
------------------------------------------
Running: job=3 idx=255 -> chi2_lung_cancer_df, Artificial_Bee_Colony, iter=50, particles=100
No. selected genes: 18
Naive_Bayes
F1 score: 0.8302744425385935
SVM
F1 score: 0.7125000000000001
kNN
F1 score: 0.7701149425287357
Random_Forest
F1 score: 0.8945812807881772
------------------------------------------
Running: job=3 idx=261 -> Ridge_lung_cancer_df, Artificial_Bee_Colony, iter=50, particles=100
No. selected genes: 73
Naive_Bayes
F1 score: 0.6143786295005806
SVM
F1 score: 0.7125000000000001
kNN
F1 score: 0.7333333333333334
Random_Forest
F1 score: 0.74
------------------------------------------
Running: job=3 idx=267 -> SVM_RFE_lung_cancer_df, Artificial_Bee_Colony, iter=50, particles=100
No. selected genes: 36
Naive_Bayes
F1 score: 0.9257070707070707
SVM
F1 score: 0.9761616161616162
kNN
F1 score: 0.9187134502923977
Random_Forest
F1 score: 0.9496031746031747
------------------------------------------
Running: job=3 idx=273 -> chi2_lung_cancer_df, Particle_Swarm_Optimization, iter=50, particles=100
No. selected genes: 112
Naive_Bayes
F1 score: 0.9
SVM
F1 score: 0.9257070707070707
kNN
F1 score: 0.951851851851852
Random_Forest
F1 score: 0.9031481481481481
------------------------------------------
Running: job=3 idx=279 -> Ridge_lung_cancer_df, Particle_Swarm_Optimization, iter=50, particles=100
No. selected genes: 244
Naive_Bayes
F1 score: 0.7225702075702074
SVM
F1 score: 0.8933908045977011
kNN
F1 score: 0.8211779448621555
Random_Forest
F1 score: 0.8644874899112187
------------------------------------------
Running: job=3 idx=285 -> SVM_RFE_lung_cancer_df, Particle_Swarm_Optimization, iter=50, particles=100
No. selected genes: 27
Naive_Bayes
F1 score: 0.9257070707070707
SVM
F1 score: 0.9496031746031747
kNN
F1 score: 0.9496031746031747
Random_Forest
F1 score: 0.9496031746031747
------------------------------------------
Running: job=3 idx=291 -> chi2_lung_cancer_df, Artificial_Bee_Colony, iter=100, particles=50
No. selected genes: 225
Naive_Bayes
F1 score: 0.9238721804511278
SVM
F1 score: 0.9496031746031747
kNN
F1 score: 0.9761616161616162
Random_Forest
F1 score: 0.9761616161616162
------------------------------------------
Running: job=3 idx=297 -> Ridge_lung_cancer_df, Artificial_Bee_Colony, iter=100, particles=50
No. selected genes: 18
Naive_Bayes
F1 score: 0.653022533022533
SVM
F1 score: 0.5764705882352941
kNN
F1 score: 0.6975800156128024
Random_Forest
F1 score: 0.6
------------------------------------------
Running: job=3 idx=303 -> SVM_RFE_lung_cancer_df, Artificial_Bee_Colony, iter=100, particles=50
No. selected genes: 11
Naive_Bayes
F1 score: 0.8776334776334777
SVM
F1 score: 0.7458333333333335
kNN
F1 score: 0.8929939792008759
Random_Forest
F1 score: 0.8691520467836258
------------------------------------------
Running: job=3 idx=309 -> chi2_lung_cancer_df, Particle_Swarm_Optimization, iter=100, particles=50
No. selected genes: 253
Naive_Bayes
F1 score: 0.9257070707070707
SVM
F1 score: 0.9761616161616162
kNN
F1 score: 0.9761616161616162
Random_Forest
F1 score: 0.9257070707070707
------------------------------------------
Running: job=3 idx=315 -> Ridge_lung_cancer_df, Particle_Swarm_Optimization, iter=100, particles=50
No. selected genes: 508
Naive_Bayes
F1 score: 0.7399797365754812
SVM
F1 score: 0.8780303030303029
kNN
F1 score: 0.85
Random_Forest
F1 score: 0.8029808985741189
------------------------------------------
Running: job=3 idx=321 -> SVM_RFE_lung_cancer_df, Particle_Swarm_Optimization, iter=100, particles=50
No. selected genes: 22
Naive_Bayes
F1 score: 0.9257070707070707
SVM
F1 score: 0.9187134502923977
kNN
F1 score: 0.9761616161616162
Random_Forest
F1 score: 0.9187134502923977
------------------------------------------
Running: job=3 idx=327 -> chi2_lung_cancer_df, Artificial_Bee_Colony, iter=500, particles=10
No. selected genes: 138
Naive_Bayes
F1 score: 0.8828511530398322
SVM
F1 score: 0.9187134502923977
kNN
F1 score: 0.9496031746031747
Random_Forest
F1 score: 0.9496031746031747
------------------------------------------
Running: job=3 idx=333 -> Ridge_lung_cancer_df, Artificial_Bee_Colony, iter=500, particles=10
No. selected genes: 287
Naive_Bayes
F1 score: 0.7708275766786405
SVM
F1 score: 0.9
kNN
F1 score: 0.7828133552271483
Random_Forest
F1 score: 0.718943533697632
------------------------------------------
Running: job=3 idx=339 -> SVM_RFE_lung_cancer_df, Artificial_Bee_Colony, iter=500, particles=10
No. selected genes: 32
Naive_Bayes
F1 score: 0.9037037037037038
SVM
F1 score: 0.8295668549905837
kNN
F1 score: 0.9496031746031747
Random_Forest
F1 score: 0.9187134502923977
------------------------------------------
Running: job=3 idx=345 -> chi2_lung_cancer_df, Particle_Swarm_Optimization, iter=500, particles=10
No. selected genes: 255
Naive_Bayes
F1 score: 0.9496031746031747
SVM
F1 score: 0.9496031746031747
kNN
F1 score: 0.9761616161616162
Random_Forest
F1 score: 0.9496031746031747
------------------------------------------
Running: job=3 idx=351 -> Ridge_lung_cancer_df, Particle_Swarm_Optimization, iter=500, particles=10
No. selected genes: 485
Naive_Bayes
F1 score: 0.7122630992196209
SVM
F1 score: 0.8572222222222223
kNN
F1 score: 0.8752525252525253
Random_Forest
F1 score: 0.6954301075268817
------------------------------------------
Running: job=3 idx=357 -> SVM_RFE_lung_cancer_df, Particle_Swarm_Optimization, iter=500, particles=10
No. selected genes: 31
Naive_Bayes
F1 score: 0.9257070707070707
SVM
F1 score: 0.9496031746031747
kNN
F1 score: 0.9496031746031747
Random_Forest
F1 score: 0.9187134502923977
------------------------------------------
Running: job=3 idx=363 -> chi2_lung_cancer_df, Artificial_Bee_Colony, iter=50, particles=200
No. selected genes: 9
Naive_Bayes
F1 score: 0.7668650793650794
SVM
F1 score: 0.6887912087912087
kNN
F1 score: 0.8752525252525253
Random_Forest
F1 score: 0.9257070707070707
------------------------------------------
Running: job=3 idx=369 -> Ridge_lung_cancer_df, Artificial_Bee_Colony, iter=50, particles=200
No. selected genes: 203
Naive_Bayes
F1 score: 0.7007575757575758
SVM
F1 score: 0.855677966101695
kNN
F1 score: 0.7099677158999192
Random_Forest
F1 score: 0.718943533697632
------------------------------------------
Running: job=3 idx=375 -> SVM_RFE_lung_cancer_df, Artificial_Bee_Colony, iter=50, particles=200
No. selected genes: 10
Naive_Bayes
F1 score: 0.8960317460317461
SVM
F1 score: 0.7097435897435898
kNN
F1 score: 0.9496031746031747
Random_Forest
F1 score: 0.8933908045977011
------------------------------------------
Running: job=3 idx=381 -> chi2_lung_cancer_df, Particle_Swarm_Optimization, iter=50, particles=200
No. selected genes: 255
Naive_Bayes
F1 score: 0.9257070707070707
SVM
F1 score: 0.9496031746031747
kNN
F1 score: 0.9761616161616162
Random_Forest
F1 score: 0.9761616161616162
------------------------------------------
Running: job=3 idx=387 -> Ridge_lung_cancer_df, Particle_Swarm_Optimization, iter=50, particles=200
No. selected genes: 472
Naive_Bayes
F1 score: 0.6944388944388944
SVM
F1 score: 0.9031481481481481
kNN
F1 score: 0.8112573099415205
Random_Forest
F1 score: 0.7510070257611241
------------------------------------------
Running: job=3 idx=393 -> SVM_RFE_lung_cancer_df, Particle_Swarm_Optimization, iter=50, particles=200
No. selected genes: 19
Naive_Bayes
F1 score: 0.8784067085953877
SVM
F1 score: 0.9187134502923977
kNN
F1 score: 0.9496031746031747
Random_Forest
F1 score: 0.8966666666666667
------------------------------------------
Running: job=3 idx=399 -> chi2_lung_cancer_df, Artificial_Bee_Colony, iter=100, particles=100
No. selected genes: 7
Naive_Bayes
F1 score: 0.7972276089923148
SVM
F1 score: 0.6606060606060605
kNN
F1 score: 0.8195906432748539
Random_Forest
F1 score: 0.7828133552271483
------------------------------------------
Running: job=3 idx=405 -> Ridge_lung_cancer_df, Artificial_Bee_Colony, iter=100, particles=100
No. selected genes: 170
Naive_Bayes
F1 score: 0.7184519104084323
SVM
F1 score: 0.791949152542373
kNN
F1 score: 0.7788095238095238
Random_Forest
F1 score: 0.8271428571428571
------------------------------------------
Running: job=3 idx=411 -> SVM_RFE_lung_cancer_df, Artificial_Bee_Colony, iter=100, particles=100
No. selected genes: 7
Naive_Bayes
F1 score: 0.9275324675324675
SVM
F1 score: 0.7746031746031746
kNN
F1 score: 0.8981527093596059
Random_Forest
F1 score: 0.9238721804511278
------------------------------------------
Running: job=3 idx=417 -> chi2_lung_cancer_df, Particle_Swarm_Optimization, iter=100, particles=100
No. selected genes: 255
Naive_Bayes
F1 score: 0.9257070707070707
SVM
F1 score: 0.9496031746031747
kNN
F1 score: 0.9761616161616162
Random_Forest
F1 score: 0.9496031746031747
------------------------------------------
Running: job=3 idx=423 -> Ridge_lung_cancer_df, Particle_Swarm_Optimization, iter=100, particles=100
No. selected genes: 480
Naive_Bayes
F1 score: 0.7399797365754812
SVM
F1 score: 0.9257070707070707
kNN
F1 score: 0.8112573099415205
Random_Forest
F1 score: 0.8691520467836258
------------------------------------------
Running: job=3 idx=429 -> SVM_RFE_lung_cancer_df, Particle_Swarm_Optimization, iter=100, particles=100
No. selected genes: 21
Naive_Bayes
F1 score: 0.9061538461538461
SVM
F1 score: 0.8707393483709274
kNN
F1 score: 0.8933908045977011
Random_Forest
F1 score: 0.9238721804511278
------------------------------------------
Running: job=3 idx=435 -> chi2_lung_cancer_df, Artificial_Bee_Colony, iter=200, particles=50
No. selected genes: 6
Naive_Bayes
F1 score: 0.88062893081761
SVM
F1 score: 0.6606060606060605
kNN
F1 score: 0.8592307692307692
Random_Forest
F1 score: 0.8302744425385935
------------------------------------------
Running: job=3 idx=441 -> Ridge_lung_cancer_df, Artificial_Bee_Colony, iter=200, particles=50
No. selected genes: 22
Naive_Bayes
F1 score: 0.6522727272727272
SVM
F1 score: 0.5885714285714285
kNN
F1 score: 0.78
Random_Forest
F1 score: 0.7570298627925747
------------------------------------------
Running: job=3 idx=447 -> SVM_RFE_lung_cancer_df, Artificial_Bee_Colony, iter=200, particles=50
No. selected genes: 25
Naive_Bayes
F1 score: 0.9257070707070707
SVM
F1 score: 0.9187134502923977
kNN
F1 score: 0.951851851851852
Random_Forest
F1 score: 0.9496031746031747
------------------------------------------
Running: job=3 idx=453 -> chi2_lung_cancer_df, Particle_Swarm_Optimization, iter=200, particles=50
No. selected genes: 246
Naive_Bayes
F1 score: 0.9257070707070707
SVM
F1 score: 0.9496031746031747
kNN
F1 score: 0.9496031746031747
Random_Forest
F1 score: 0.9496031746031747
------------------------------------------
Running: job=3 idx=459 -> Ridge_lung_cancer_df, Particle_Swarm_Optimization, iter=200, particles=50
No. selected genes: 489
Naive_Bayes
F1 score: 0.7225702075702074
SVM
F1 score: 0.95
kNN
F1 score: 0.8359195402298851
Random_Forest
F1 score: 0.8157586763518967
------------------------------------------
Running: job=3 idx=465 -> SVM_RFE_lung_cancer_df, Particle_Swarm_Optimization, iter=200, particles=50
No. selected genes: 22
Naive_Bayes
F1 score: 0.9009259259259259
SVM
F1 score: 0.9238721804511278
kNN
F1 score: 0.9496031746031747
Random_Forest
F1 score: 0.9496031746031747
------------------------------------------
Running: job=3 idx=471 -> chi2_lung_cancer_df, Artificial_Bee_Colony, iter=500, particles=20
No. selected genes: 21
Naive_Bayes
F1 score: 0.9496031746031746
SVM
F1 score: 0.7125000000000001
kNN
F1 score: 0.8806130268199233
Random_Forest
F1 score: 0.9472906403940886
------------------------------------------
Running: job=3 idx=477 -> Ridge_lung_cancer_df, Artificial_Bee_Colony, iter=500, particles=20
No. selected genes: 135
Naive_Bayes
F1 score: 0.6683720930232557
SVM
F1 score: 0.7
kNN
F1 score: 0.7644736842105263
Random_Forest
F1 score: 0.8058380414312618
------------------------------------------
Running: job=3 idx=483 -> SVM_RFE_lung_cancer_df, Artificial_Bee_Colony, iter=500, particles=20
No. selected genes: 26
Naive_Bayes
F1 score: 0.9496031746031747
SVM
F1 score: 0.9496031746031747
kNN
F1 score: 0.9187134502923977
Random_Forest
F1 score: 0.9496031746031747
------------------------------------------
Running: job=3 idx=489 -> chi2_lung_cancer_df, Particle_Swarm_Optimization, iter=500, particles=20
No. selected genes: 256
Naive_Bayes
F1 score: 0.9
SVM
F1 score: 0.9496031746031747
kNN
F1 score: 0.9761616161616162
Random_Forest
F1 score: 0.9496031746031747
------------------------------------------
Running: job=3 idx=495 -> Ridge_lung_cancer_df, Particle_Swarm_Optimization, iter=500, particles=20
No. selected genes: 497
Naive_Bayes
F1 score: 0.7443628834933184
SVM
F1 score: 0.9
kNN
F1 score: 0.7154761904761905
Random_Forest
F1 score: 0.8029808985741189
------------------------------------------
Running: job=3 idx=501 -> SVM_RFE_lung_cancer_df, Particle_Swarm_Optimization, iter=500, particles=20
No. selected genes: 30
Naive_Bayes
F1 score: 0.8960317460317461
SVM
F1 score: 0.9187134502923977
kNN
F1 score: 0.9496031746031747
Random_Forest
F1 score: 0.9496031746031747
------------------------------------------
Running: job=3 idx=507 -> chi2_lung_cancer_df, Artificial_Bee_Colony, iter=1000, particles=10
No. selected genes: 16
Naive_Bayes
F1 score: 0.9257070707070707
SVM
F1 score: 0.7125000000000001
kNN
F1 score: 0.9167877320419692
Random_Forest
F1 score: 0.8945812807881772
------------------------------------------
Running: job=3 idx=513 -> Ridge_lung_cancer_df, Artificial_Bee_Colony, iter=1000, particles=10
No. selected genes: 26
Naive_Bayes
F1 score: 0.7244927536231884
SVM
F1 score: 0.6250746268656717
kNN
F1 score: 0.763458434221146
Random_Forest
F1 score: 0.6975800156128024
------------------------------------------
Running: job=3 idx=519 -> SVM_RFE_lung_cancer_df, Artificial_Bee_Colony, iter=1000, particles=10
No. selected genes: 10
Naive_Bayes
F1 score: 0.9257070707070707
SVM
F1 score: 0.6887912087912087
kNN
F1 score: 0.8307142857142857
Random_Forest
F1 score: 0.9187134502923977
------------------------------------------
Running: job=3 idx=525 -> chi2_lung_cancer_df, Particle_Swarm_Optimization, iter=1000, particles=10
No. selected genes: 244
Naive_Bayes
F1 score: 0.9257070707070707
SVM
F1 score: 0.9496031746031747
kNN
F1 score: 0.9761616161616162
Random_Forest
F1 score: 0.9496031746031747
------------------------------------------
Running: job=3 idx=531 -> Ridge_lung_cancer_df, Particle_Swarm_Optimization, iter=1000, particles=10
No. selected genes: 504
Naive_Bayes
F1 score: 0.7371026136983583
SVM
F1 score: 0.9
kNN
F1 score: 0.7867816091954023
Random_Forest
F1 score: 0.8644874899112187
------------------------------------------
Running: job=3 idx=537 -> SVM_RFE_lung_cancer_df, Particle_Swarm_Optimization, iter=1000, particles=10
No. selected genes: 25
Naive_Bayes
F1 score: 0.9257070707070707
SVM
F1 score: 0.9496031746031747
kNN
F1 score: 0.9496031746031747
Random_Forest
F1 score: 0.9496031746031747
------------------------------------------
Running: job=3 idx=543 -> chi2_lung_cancer_df, Artificial_Bee_Colony, iter=100, particles=200
No. selected genes: 22
Naive_Bayes
F1 score: 0.9238721804511278
SVM
F1 score: 0.7125000000000001
kNN
F1 score: 0.9275324675324675
Random_Forest
F1 score: 0.9238721804511278
------------------------------------------
Running: job=3 idx=549 -> Ridge_lung_cancer_df, Artificial_Bee_Colony, iter=100, particles=200
No. selected genes: 367
Naive_Bayes
F1 score: 0.7426978818283166
SVM
F1 score: 0.9257070707070707
kNN
F1 score: 0.7432203389830507
Random_Forest
F1 score: 0.8347619047619046
------------------------------------------
Running: job=3 idx=555 -> SVM_RFE_lung_cancer_df, Artificial_Bee_Colony, iter=100, particles=200
This one failed!
Traceback (most recent call last):
  File "/home/rkurjata/kkubicki/cluster/gene-selection-methods.py", line 442, in main
    X_train_normalized_selected_features = func(dataset, particles, iters)
                                           ^^^^^^^^^^^^^^^^^^^^^^^^^^^^^^^
  File "/home/rkurjata/kkubicki/cluster/gene-selection-methods.py", line 141, in artificial_bee_colony
    onlooker_bee_phase(population, fitness_values, X_train, X_test, y_train, y_test, abandonment_counters)
  File "/home/rkurjata/kkubicki/cluster/gene-selection-methods.py", line 117, in onlooker_bee_phase
    new_fitness = evaluate_fitness(new_solution, X_train, X_test, y_train, y_test)
                  ^^^^^^^^^^^^^^^^^^^^^^^^^^^^^^^^^^^^^^^^^^^^^^^^^^^^^^^^^^^^^^^^
  File "/home/rkurjata/kkubicki/cluster/gene-selection-methods.py", line 59, in evaluate_fitness
    classifier.fit(X_train_selected, y_train)
  File "/home/rkurjata/kkubicki/cluster/.venv/lib/python3.11/site-packages/sklearn/base.py", line 1152, in wrapper
    return fit_method(estimator, *args, **kwargs)
           ^^^^^^^^^^^^^^^^^^^^^^^^^^^^^^^^^^^^^^
  File "/home/rkurjata/kkubicki/cluster/.venv/lib/python3.11/site-packages/sklearn/neighbors/_classification.py", line 233, in fit
    return self._fit(X, y)
           ^^^^^^^^^^^^^^^
  File "/home/rkurjata/kkubicki/cluster/.venv/lib/python3.11/site-packages/sklearn/neighbors/_base.py", line 456, in _fit
    X, y = self._validate_data(
           ^^^^^^^^^^^^^^^^^^^^
  File "/home/rkurjata/kkubicki/cluster/.venv/lib/python3.11/site-packages/sklearn/base.py", line 622, in _validate_data
    X, y = check_X_y(X, y, **check_params)
           ^^^^^^^^^^^^^^^^^^^^^^^^^^^^^^^
  File "/home/rkurjata/kkubicki/cluster/.venv/lib/python3.11/site-packages/sklearn/utils/validation.py", line 1146, in check_X_y
    X = check_array(
        ^^^^^^^^^^^^
  File "/home/rkurjata/kkubicki/cluster/.venv/lib/python3.11/site-packages/sklearn/utils/validation.py", line 795, in check_array
    dtype_orig = np.result_type(*dtypes_orig)
                 ^^^^^^^^^^^^^^^^^^^^^^^^^^^^
ValueError: at least one array or dtype is required
------------------------------------------
Running: job=3 idx=561 -> chi2_lung_cancer_df, Particle_Swarm_Optimization, iter=100, particles=200
No. selected genes: 137
Naive_Bayes
F1 score: 0.951851851851852
SVM
F1 score: 0.9187134502923977
kNN
F1 score: 0.9496031746031747
Random_Forest
F1 score: 0.9496031746031747
------------------------------------------
Running: job=3 idx=567 -> Ridge_lung_cancer_df, Particle_Swarm_Optimization, iter=100, particles=200
No. selected genes: 539
Naive_Bayes
F1 score: 0.7443628834933184
SVM
F1 score: 0.9031481481481481
kNN
F1 score: 0.8359195402298851
Random_Forest
F1 score: 0.8402846195949645
------------------------------------------
Running: job=3 idx=573 -> SVM_RFE_lung_cancer_df, Particle_Swarm_Optimization, iter=100, particles=200
No. selected genes: 23
Naive_Bayes
F1 score: 0.8752525252525253
SVM
F1 score: 0.8295668549905837
kNN
F1 score: 0.8806130268199233
Random_Forest
F1 score: 0.9187134502923977
------------------------------------------
Running: job=3 idx=579 -> chi2_lung_cancer_df, Artificial_Bee_Colony, iter=200, particles=100
No. selected genes: 8
Naive_Bayes
F1 score: 0.9292662473794551
SVM
F1 score: 0.6250746268656717
kNN
F1 score: 0.9257070707070707
Random_Forest
F1 score: 0.9238721804511278
------------------------------------------
Running: job=3 idx=585 -> Ridge_lung_cancer_df, Artificial_Bee_Colony, iter=200, particles=100
No. selected genes: 198
Naive_Bayes
F1 score: 0.7139281008846227
SVM
F1 score: 0.7768149882903981
kNN
F1 score: 0.7309523809523809
Random_Forest
F1 score: 0.8029808985741189
------------------------------------------
Running: job=3 idx=591 -> SVM_RFE_lung_cancer_df, Artificial_Bee_Colony, iter=200, particles=100
No. selected genes: 9
Naive_Bayes
F1 score: 0.9
SVM
F1 score: 0.6606060606060605
kNN
F1 score: 0.8235588972431078
Random_Forest
F1 score: 0.8945812807881772
------------------------------------------
Running: job=3 idx=597 -> chi2_lung_cancer_df, Particle_Swarm_Optimization, iter=200, particles=100
No. selected genes: 227
Naive_Bayes
F1 score: 0.9238721804511278
SVM
F1 score: 0.9496031746031747
kNN
F1 score: 0.9761616161616162
Random_Forest
F1 score: 0.9496031746031747
------------------------------------------
Running: job=3 idx=603 -> Ridge_lung_cancer_df, Particle_Swarm_Optimization, iter=200, particles=100
No. selected genes: 252
Naive_Bayes
F1 score: 0.7184519104084323
SVM
F1 score: 0.8707393483709274
kNN
F1 score: 0.7828133552271483
Random_Forest
F1 score: 0.8703425229741019
------------------------------------------
Running: job=3 idx=609 -> SVM_RFE_lung_cancer_df, Particle_Swarm_Optimization, iter=200, particles=100
No. selected genes: 24
Naive_Bayes
F1 score: 0.9037037037037038
SVM
F1 score: 0.9496031746031747
kNN
F1 score: 0.9496031746031747
Random_Forest
F1 score: 0.9496031746031747
------------------------------------------
Running: job=3 idx=615 -> chi2_lung_cancer_df, Artificial_Bee_Colony, iter=1000, particles=20
No. selected genes: 19
Naive_Bayes
F1 score: 0.9257070707070707
SVM
F1 score: 0.8283372365339577
kNN
F1 score: 0.8960317460317461
Random_Forest
F1 score: 0.8806130268199233
------------------------------------------
Running: job=3 idx=621 -> Ridge_lung_cancer_df, Artificial_Bee_Colony, iter=1000, particles=20
No. selected genes: 31
Naive_Bayes
F1 score: 0.6385412262156448
SVM
F1 score: 0.6250746268656717
kNN
F1 score: 0.7927339901477832
Random_Forest
F1 score: 0.7238095238095238
------------------------------------------
Running: job=3 idx=627 -> SVM_RFE_lung_cancer_df, Artificial_Bee_Colony, iter=1000, particles=20
No. selected genes: 21
Naive_Bayes
F1 score: 0.8960317460317461
SVM
F1 score: 0.8295668549905837
kNN
F1 score: 0.8752525252525253
Random_Forest
F1 score: 0.9187134502923977
------------------------------------------
Running: job=3 idx=633 -> chi2_lung_cancer_df, Particle_Swarm_Optimization, iter=1000, particles=20
No. selected genes: 256
Naive_Bayes
F1 score: 0.9496031746031747
SVM
F1 score: 0.9496031746031747
kNN
F1 score: 0.9761616161616162
Random_Forest
F1 score: 0.9496031746031747
------------------------------------------
Running: job=3 idx=639 -> Ridge_lung_cancer_df, Particle_Swarm_Optimization, iter=1000, particles=20
No. selected genes: 376
Naive_Bayes
F1 score: 0.7186324786324784
SVM
F1 score: 0.8780303030303029
kNN
F1 score: 0.7828133552271483
Random_Forest
F1 score: 0.8402846195949645
------------------------------------------
Running: job=3 idx=645 -> SVM_RFE_lung_cancer_df, Particle_Swarm_Optimization, iter=1000, particles=20
No. selected genes: 28
Naive_Bayes
F1 score: 0.9257070707070707
SVM
F1 score: 0.9187134502923977
kNN
F1 score: 0.9187134502923977
Random_Forest
F1 score: 0.9496031746031747
------------------------------------------
Running: job=3 idx=651 -> chi2_lung_cancer_df, Artificial_Bee_Colony, iter=50, particles=500
No. selected genes: 15
Naive_Bayes
F1 score: 0.8263061885703393
SVM
F1 score: 0.6888888888888889
kNN
F1 score: 0.8
Random_Forest
F1 score: 0.791949152542373
------------------------------------------
Running: job=3 idx=657 -> Ridge_lung_cancer_df, Artificial_Bee_Colony, iter=50, particles=500
No. selected genes: 75
Naive_Bayes
F1 score: 0.6231041196966591
SVM
F1 score: 0.6606060606060605
kNN
F1 score: 0.7816666666666666
Random_Forest
F1 score: 0.7876190476190476
------------------------------------------
Running: job=3 idx=663 -> SVM_RFE_lung_cancer_df, Artificial_Bee_Colony, iter=50, particles=500
This one failed!
Traceback (most recent call last):
  File "/home/rkurjata/kkubicki/cluster/gene-selection-methods.py", line 442, in main
    X_train_normalized_selected_features = func(dataset, particles, iters)
                                           ^^^^^^^^^^^^^^^^^^^^^^^^^^^^^^^
  File "/home/rkurjata/kkubicki/cluster/gene-selection-methods.py", line 140, in artificial_bee_colony
    employed_bee_phase(population, fitness_values, X_train, X_test, y_train, y_test, abandonment_counters)
  File "/home/rkurjata/kkubicki/cluster/gene-selection-methods.py", line 88, in employed_bee_phase
    new_fitness = evaluate_fitness(new_solution, X_train, X_test, y_train, y_test)
                  ^^^^^^^^^^^^^^^^^^^^^^^^^^^^^^^^^^^^^^^^^^^^^^^^^^^^^^^^^^^^^^^^
  File "/home/rkurjata/kkubicki/cluster/gene-selection-methods.py", line 59, in evaluate_fitness
    classifier.fit(X_train_selected, y_train)
  File "/home/rkurjata/kkubicki/cluster/.venv/lib/python3.11/site-packages/sklearn/base.py", line 1152, in wrapper
    return fit_method(estimator, *args, **kwargs)
           ^^^^^^^^^^^^^^^^^^^^^^^^^^^^^^^^^^^^^^
  File "/home/rkurjata/kkubicki/cluster/.venv/lib/python3.11/site-packages/sklearn/neighbors/_classification.py", line 233, in fit
    return self._fit(X, y)
           ^^^^^^^^^^^^^^^
  File "/home/rkurjata/kkubicki/cluster/.venv/lib/python3.11/site-packages/sklearn/neighbors/_base.py", line 456, in _fit
    X, y = self._validate_data(
           ^^^^^^^^^^^^^^^^^^^^
  File "/home/rkurjata/kkubicki/cluster/.venv/lib/python3.11/site-packages/sklearn/base.py", line 622, in _validate_data
    X, y = check_X_y(X, y, **check_params)
           ^^^^^^^^^^^^^^^^^^^^^^^^^^^^^^^
  File "/home/rkurjata/kkubicki/cluster/.venv/lib/python3.11/site-packages/sklearn/utils/validation.py", line 1146, in check_X_y
    X = check_array(
        ^^^^^^^^^^^^
  File "/home/rkurjata/kkubicki/cluster/.venv/lib/python3.11/site-packages/sklearn/utils/validation.py", line 795, in check_array
    dtype_orig = np.result_type(*dtypes_orig)
                 ^^^^^^^^^^^^^^^^^^^^^^^^^^^^
ValueError: at least one array or dtype is required
------------------------------------------
Running: job=3 idx=669 -> chi2_lung_cancer_df, Particle_Swarm_Optimization, iter=50, particles=500
No. selected genes: 255
Naive_Bayes
F1 score: 0.9496031746031747
SVM
F1 score: 0.9496031746031747
kNN
F1 score: 0.9761616161616162
Random_Forest
F1 score: 0.9496031746031747
------------------------------------------
Running: job=3 idx=675 -> Ridge_lung_cancer_df, Particle_Swarm_Optimization, iter=50, particles=500
No. selected genes: 518
Naive_Bayes
F1 score: 0.7371026136983583
SVM
F1 score: 0.95
kNN
F1 score: 0.846031746031746
Random_Forest
F1 score: 0.8314750957854408
------------------------------------------
Running: job=3 idx=681 -> SVM_RFE_lung_cancer_df, Particle_Swarm_Optimization, iter=50, particles=500
No. selected genes: 25
Naive_Bayes
F1 score: 0.951851851851852
SVM
F1 score: 0.9187134502923977
kNN
F1 score: 0.9187134502923977
Random_Forest
F1 score: 0.9496031746031747
------------------------------------------
Running: job=3 idx=687 -> chi2_lung_cancer_df, Artificial_Bee_Colony, iter=500, particles=50
No. selected genes: 30
Naive_Bayes
F1 score: 0.7642676767676769
SVM
F1 score: 0.7125000000000001
kNN
F1 score: 0.8933908045977011
Random_Forest
F1 score: 0.8933908045977011
------------------------------------------
Running: job=3 idx=693 -> Ridge_lung_cancer_df, Artificial_Bee_Colony, iter=500, particles=50
No. selected genes: 27
Naive_Bayes
F1 score: 0.5844202898550724
SVM
F1 score: 0.5764705882352941
kNN
F1 score: 0.740024630541872
Random_Forest
F1 score: 0.8112573099415205
------------------------------------------
Running: job=3 idx=699 -> SVM_RFE_lung_cancer_df, Artificial_Bee_Colony, iter=500, particles=50
No. selected genes: 45
Naive_Bayes
F1 score: 0.9257070707070707
SVM
F1 score: 0.9761616161616162
kNN
F1 score: 0.9187134502923977
Random_Forest
F1 score: 0.9496031746031747
------------------------------------------
Running: job=3 idx=705 -> chi2_lung_cancer_df, Particle_Swarm_Optimization, iter=500, particles=50
No. selected genes: 248
Naive_Bayes
F1 score: 0.9496031746031747
SVM
F1 score: 0.9496031746031747
kNN
F1 score: 0.9496031746031747
Random_Forest
F1 score: 0.9496031746031747
------------------------------------------
Running: job=3 idx=711 -> Ridge_lung_cancer_df, Particle_Swarm_Optimization, iter=500, particles=50
No. selected genes: 508
Naive_Bayes
F1 score: 0.7371026136983583
SVM
F1 score: 0.8707393483709274
kNN
F1 score: 0.846031746031746
Random_Forest
F1 score: 0.8029808985741189
------------------------------------------
Running: job=3 idx=717 -> SVM_RFE_lung_cancer_df, Particle_Swarm_Optimization, iter=500, particles=50
No. selected genes: 26
Naive_Bayes
F1 score: 0.9037037037037038
SVM
F1 score: 0.8806130268199233
kNN
F1 score: 0.9257070707070707
Random_Forest
F1 score: 0.9496031746031747
------------------------------------------
Running: job=3 idx=723 -> chi2_lung_cancer_df, Artificial_Bee_Colony, iter=200, particles=200
No. selected genes: 8
Naive_Bayes
F1 score: 0.8328104575163398
SVM
F1 score: 0.6250746268656717
kNN
F1 score: 0.8568253968253968
Random_Forest
F1 score: 0.8056410256410258
------------------------------------------
Running: job=3 idx=729 -> Ridge_lung_cancer_df, Artificial_Bee_Colony, iter=200, particles=200
No. selected genes: 91
Naive_Bayes
F1 score: 0.6957575757575758
SVM
F1 score: 0.6888888888888889
kNN
F1 score: 0.7538641686182669
Random_Forest
F1 score: 0.7450546448087432
------------------------------------------
Running: job=3 idx=735 -> SVM_RFE_lung_cancer_df, Artificial_Bee_Colony, iter=200, particles=200
No. selected genes: 13
Naive_Bayes
F1 score: 0.9031481481481481
SVM
F1 score: 0.8933908045977011
kNN
F1 score: 0.9238721804511278
Random_Forest
F1 score: 0.9187134502923977
------------------------------------------
Running: job=3 idx=741 -> chi2_lung_cancer_df, Particle_Swarm_Optimization, iter=200, particles=200
No. selected genes: 248
Naive_Bayes
F1 score: 0.9037037037037038
SVM
F1 score: 0.9496031746031747
kNN
F1 score: 0.9761616161616162
Random_Forest
F1 score: 0.9496031746031747
------------------------------------------
Running: job=3 idx=747 -> Ridge_lung_cancer_df, Particle_Swarm_Optimization, iter=200, particles=200
No. selected genes: 498
Naive_Bayes
F1 score: 0.7443628834933184
SVM
F1 score: 0.95
kNN
F1 score: 0.7673371647509579
Random_Forest
F1 score: 0.8271428571428571
------------------------------------------
Running: job=3 idx=753 -> SVM_RFE_lung_cancer_df, Particle_Swarm_Optimization, iter=200, particles=200
No. selected genes: 26
Naive_Bayes
F1 score: 0.9031481481481481
SVM
F1 score: 0.9496031746031747
kNN
F1 score: 0.9496031746031747
Random_Forest
F1 score: 0.9496031746031747
------------------------------------------
Running: job=3 idx=759 -> chi2_lung_cancer_df, Artificial_Bee_Colony, iter=50, particles=1000
No. selected genes: 23
Naive_Bayes
F1 score: 0.8586247086247087
SVM
F1 score: 0.7125000000000001
kNN
F1 score: 0.8074074074074075
Random_Forest
F1 score: 0.9
------------------------------------------
Running: job=3 idx=765 -> Ridge_lung_cancer_df, Artificial_Bee_Colony, iter=50, particles=1000
No. selected genes: 10
Naive_Bayes
F1 score: 0.5643015521064301
SVM
F1 score: 0.5764705882352941
kNN
F1 score: 0.6987547892720307
Random_Forest
F1 score: 0.7738095238095237
------------------------------------------
Running: job=3 idx=771 -> SVM_RFE_lung_cancer_df, Artificial_Bee_Colony, iter=50, particles=1000
This one failed!
Traceback (most recent call last):
  File "/home/rkurjata/kkubicki/cluster/gene-selection-methods.py", line 442, in main
    X_train_normalized_selected_features = func(dataset, particles, iters)
                                           ^^^^^^^^^^^^^^^^^^^^^^^^^^^^^^^
  File "/home/rkurjata/kkubicki/cluster/gene-selection-methods.py", line 140, in artificial_bee_colony
    employed_bee_phase(population, fitness_values, X_train, X_test, y_train, y_test, abandonment_counters)
  File "/home/rkurjata/kkubicki/cluster/gene-selection-methods.py", line 88, in employed_bee_phase
    new_fitness = evaluate_fitness(new_solution, X_train, X_test, y_train, y_test)
                  ^^^^^^^^^^^^^^^^^^^^^^^^^^^^^^^^^^^^^^^^^^^^^^^^^^^^^^^^^^^^^^^^
  File "/home/rkurjata/kkubicki/cluster/gene-selection-methods.py", line 59, in evaluate_fitness
    classifier.fit(X_train_selected, y_train)
  File "/home/rkurjata/kkubicki/cluster/.venv/lib/python3.11/site-packages/sklearn/base.py", line 1152, in wrapper
    return fit_method(estimator, *args, **kwargs)
           ^^^^^^^^^^^^^^^^^^^^^^^^^^^^^^^^^^^^^^
  File "/home/rkurjata/kkubicki/cluster/.venv/lib/python3.11/site-packages/sklearn/neighbors/_classification.py", line 233, in fit
    return self._fit(X, y)
           ^^^^^^^^^^^^^^^
  File "/home/rkurjata/kkubicki/cluster/.venv/lib/python3.11/site-packages/sklearn/neighbors/_base.py", line 456, in _fit
    X, y = self._validate_data(
           ^^^^^^^^^^^^^^^^^^^^
  File "/home/rkurjata/kkubicki/cluster/.venv/lib/python3.11/site-packages/sklearn/base.py", line 622, in _validate_data
    X, y = check_X_y(X, y, **check_params)
           ^^^^^^^^^^^^^^^^^^^^^^^^^^^^^^^
  File "/home/rkurjata/kkubicki/cluster/.venv/lib/python3.11/site-packages/sklearn/utils/validation.py", line 1146, in check_X_y
    X = check_array(
        ^^^^^^^^^^^^
  File "/home/rkurjata/kkubicki/cluster/.venv/lib/python3.11/site-packages/sklearn/utils/validation.py", line 795, in check_array
    dtype_orig = np.result_type(*dtypes_orig)
                 ^^^^^^^^^^^^^^^^^^^^^^^^^^^^
ValueError: at least one array or dtype is required
------------------------------------------
Running: job=3 idx=777 -> chi2_lung_cancer_df, Particle_Swarm_Optimization, iter=50, particles=1000
No. selected genes: 256
Naive_Bayes
F1 score: 0.9031481481481481
SVM
F1 score: 0.9496031746031747
kNN
F1 score: 0.9761616161616162
Random_Forest
F1 score: 0.9496031746031747
------------------------------------------
Running: job=3 idx=783 -> Ridge_lung_cancer_df, Particle_Swarm_Optimization, iter=50, particles=1000
No. selected genes: 259
Naive_Bayes
F1 score: 0.6983766233766233
SVM
F1 score: 0.8707393483709274
kNN
F1 score: 0.85
Random_Forest
F1 score: 0.8395238095238093
------------------------------------------
Running: job=3 idx=789 -> SVM_RFE_lung_cancer_df, Particle_Swarm_Optimization, iter=50, particles=1000
No. selected genes: 29
Naive_Bayes
F1 score: 0.9037037037037038
SVM
F1 score: 0.9761616161616162
kNN
F1 score: 0.9238721804511278
Random_Forest
F1 score: 0.9496031746031747
------------------------------------------
Running: job=3 idx=795 -> chi2_lung_cancer_df, Artificial_Bee_Colony, iter=100, particles=500
No. selected genes: 56
Naive_Bayes
F1 score: 0.9009259259259259
SVM
F1 score: 0.8295668549905837
kNN
F1 score: 0.9077700077700077
Random_Forest
F1 score: 0.9761616161616162
------------------------------------------
Running: job=3 idx=801 -> Ridge_lung_cancer_df, Artificial_Bee_Colony, iter=100, particles=500
No. selected genes: 9
Naive_Bayes
F1 score: 0.6875950999355254
SVM
F1 score: 0.5764705882352941
kNN
F1 score: 0.7654545454545454
Random_Forest
F1 score: 0.8093301049233255
------------------------------------------
Running: job=3 idx=807 -> SVM_RFE_lung_cancer_df, Artificial_Bee_Colony, iter=100, particles=500
No. selected genes: 50
Naive_Bayes
F1 score: 0.9257070707070707
SVM
F1 score: 0.9761616161616162
kNN
F1 score: 0.9496031746031747
Random_Forest
F1 score: 0.9496031746031747
------------------------------------------
Running: job=3 idx=813 -> chi2_lung_cancer_df, Particle_Swarm_Optimization, iter=100, particles=500
No. selected genes: 235
Naive_Bayes
F1 score: 0.9037037037037038
SVM
F1 score: 0.9496031746031747
kNN
F1 score: 0.9761616161616162
Random_Forest
F1 score: 0.9187134502923977
------------------------------------------
Running: job=3 idx=819 -> Ridge_lung_cancer_df, Particle_Swarm_Optimization, iter=100, particles=500
No. selected genes: 493
Naive_Bayes
F1 score: 0.7443628834933184
SVM
F1 score: 0.8707393483709274
kNN
F1 score: 0.7867816091954023
Random_Forest
F1 score: 0.8157586763518967
------------------------------------------
Running: job=3 idx=825 -> SVM_RFE_lung_cancer_df, Particle_Swarm_Optimization, iter=100, particles=500
No. selected genes: 29
Naive_Bayes
F1 score: 0.9257070707070707
SVM
F1 score: 0.9496031746031747
kNN
F1 score: 0.9496031746031747
Random_Forest
F1 score: 0.9496031746031747
------------------------------------------
Running: job=3 idx=831 -> chi2_lung_cancer_df, Artificial_Bee_Colony, iter=500, particles=100
No. selected genes: 25
Naive_Bayes
F1 score: 0.9031481481481481
SVM
F1 score: 0.812258064516129
kNN
F1 score: 0.9
Random_Forest
F1 score: 0.8806130268199233
------------------------------------------
Running: job=3 idx=837 -> Ridge_lung_cancer_df, Artificial_Bee_Colony, iter=500, particles=100
No. selected genes: 310
Naive_Bayes
F1 score: 0.7193650793650792
SVM
F1 score: 0.8707393483709274
kNN
F1 score: 0.8359195402298851
Random_Forest
F1 score: 0.8644874899112187
------------------------------------------
Running: job=3 idx=843 -> SVM_RFE_lung_cancer_df, Artificial_Bee_Colony, iter=500, particles=100
No. selected genes: 46
Naive_Bayes
F1 score: 0.9257070707070707
SVM
F1 score: 0.9761616161616162
kNN
F1 score: 0.9761616161616162
Random_Forest
F1 score: 0.9496031746031747
------------------------------------------
Running: job=3 idx=849 -> chi2_lung_cancer_df, Particle_Swarm_Optimization, iter=500, particles=100
No. selected genes: 247
Naive_Bayes
F1 score: 0.951851851851852
SVM
F1 score: 0.9761616161616162
kNN
F1 score: 0.9761616161616162
Random_Forest
F1 score: 0.9187134502923977
------------------------------------------
Running: job=3 idx=855 -> Ridge_lung_cancer_df, Particle_Swarm_Optimization, iter=500, particles=100
No. selected genes: 489
Naive_Bayes
F1 score: 0.7668898477409116
SVM
F1 score: 0.9257070707070707
kNN
F1 score: 0.8112573099415205
Random_Forest
F1 score: 0.7788095238095238
------------------------------------------
Running: job=3 idx=861 -> SVM_RFE_lung_cancer_df, Particle_Swarm_Optimization, iter=500, particles=100
No. selected genes: 18
Naive_Bayes
F1 score: 0.951851851851852
SVM
F1 score: 0.9187134502923977
kNN
F1 score: 0.9496031746031747
Random_Forest
F1 score: 0.9187134502923977
------------------------------------------
Running: job=3 idx=867 -> chi2_lung_cancer_df, Artificial_Bee_Colony, iter=1000, particles=50
No. selected genes: 20
Naive_Bayes
F1 score: 0.7926406926406927
SVM
F1 score: 0.7125000000000001
kNN
F1 score: 0.8719298245614036
Random_Forest
F1 score: 0.9238721804511278
------------------------------------------
Running: job=3 idx=873 -> Ridge_lung_cancer_df, Artificial_Bee_Colony, iter=1000, particles=50
No. selected genes: 764
Naive_Bayes
F1 score: 0.7668898477409116
SVM
F1 score: 0.9031481481481481
kNN
F1 score: 0.8112573099415205
Random_Forest
F1 score: 0.8402846195949645
------------------------------------------
Running: job=3 idx=879 -> SVM_RFE_lung_cancer_df, Artificial_Bee_Colony, iter=1000, particles=50
No. selected genes: 10
Naive_Bayes
F1 score: 0.8230427350427352
SVM
F1 score: 0.8046031746031745
kNN
F1 score: 0.8355227148330597
Random_Forest
F1 score: 0.9187134502923977
------------------------------------------
Running: job=3 idx=885 -> chi2_lung_cancer_df, Particle_Swarm_Optimization, iter=1000, particles=50
No. selected genes: 247
Naive_Bayes
F1 score: 0.9496031746031747
SVM
F1 score: 0.9761616161616162
kNN
F1 score: 0.9761616161616162
Random_Forest
F1 score: 0.9761616161616162
------------------------------------------
Running: job=3 idx=891 -> Ridge_lung_cancer_df, Particle_Swarm_Optimization, iter=1000, particles=50
No. selected genes: 502
Naive_Bayes
F1 score: 0.7623717948717949
SVM
F1 score: 0.9257070707070707
kNN
F1 score: 0.8752525252525253
Random_Forest
F1 score: 0.8314750957854408
------------------------------------------
Running: job=3 idx=897 -> SVM_RFE_lung_cancer_df, Particle_Swarm_Optimization, iter=1000, particles=50
No. selected genes: 25
Naive_Bayes
F1 score: 0.8752525252525253
SVM
F1 score: 0.9496031746031747
kNN
F1 score: 0.9496031746031747
Random_Forest
F1 score: 0.9496031746031747
------------------------------------------
Running: job=3 idx=903 -> chi2_lung_cancer_df, Artificial_Bee_Colony, iter=100, particles=1000
No. selected genes: 57
Naive_Bayes
F1 score: 0.8960317460317461
SVM
F1 score: 0.8049999999999999
kNN
F1 score: 0.95
Random_Forest
F1 score: 0.9238721804511278
------------------------------------------
Running: job=3 idx=909 -> Ridge_lung_cancer_df, Artificial_Bee_Colony, iter=100, particles=1000
No. selected genes: 12
Naive_Bayes
F1 score: 0.6962121212121211
SVM
F1 score: 0.5764705882352941
kNN
F1 score: 0.7309523809523809
Random_Forest
F1 score: 0.7788095238095238
------------------------------------------
Running: job=3 idx=915 -> SVM_RFE_lung_cancer_df, Artificial_Bee_Colony, iter=100, particles=1000
This one failed!
Traceback (most recent call last):
  File "/home/rkurjata/kkubicki/cluster/gene-selection-methods.py", line 442, in main
    X_train_normalized_selected_features = func(dataset, particles, iters)
                                           ^^^^^^^^^^^^^^^^^^^^^^^^^^^^^^^
  File "/home/rkurjata/kkubicki/cluster/gene-selection-methods.py", line 140, in artificial_bee_colony
    employed_bee_phase(population, fitness_values, X_train, X_test, y_train, y_test, abandonment_counters)
  File "/home/rkurjata/kkubicki/cluster/gene-selection-methods.py", line 88, in employed_bee_phase
    new_fitness = evaluate_fitness(new_solution, X_train, X_test, y_train, y_test)
                  ^^^^^^^^^^^^^^^^^^^^^^^^^^^^^^^^^^^^^^^^^^^^^^^^^^^^^^^^^^^^^^^^
  File "/home/rkurjata/kkubicki/cluster/gene-selection-methods.py", line 59, in evaluate_fitness
    classifier.fit(X_train_selected, y_train)
  File "/home/rkurjata/kkubicki/cluster/.venv/lib/python3.11/site-packages/sklearn/base.py", line 1152, in wrapper
    return fit_method(estimator, *args, **kwargs)
           ^^^^^^^^^^^^^^^^^^^^^^^^^^^^^^^^^^^^^^
  File "/home/rkurjata/kkubicki/cluster/.venv/lib/python3.11/site-packages/sklearn/neighbors/_classification.py", line 233, in fit
    return self._fit(X, y)
           ^^^^^^^^^^^^^^^
  File "/home/rkurjata/kkubicki/cluster/.venv/lib/python3.11/site-packages/sklearn/neighbors/_base.py", line 456, in _fit
    X, y = self._validate_data(
           ^^^^^^^^^^^^^^^^^^^^
  File "/home/rkurjata/kkubicki/cluster/.venv/lib/python3.11/site-packages/sklearn/base.py", line 622, in _validate_data
    X, y = check_X_y(X, y, **check_params)
           ^^^^^^^^^^^^^^^^^^^^^^^^^^^^^^^
  File "/home/rkurjata/kkubicki/cluster/.venv/lib/python3.11/site-packages/sklearn/utils/validation.py", line 1146, in check_X_y
    X = check_array(
        ^^^^^^^^^^^^
  File "/home/rkurjata/kkubicki/cluster/.venv/lib/python3.11/site-packages/sklearn/utils/validation.py", line 795, in check_array
    dtype_orig = np.result_type(*dtypes_orig)
                 ^^^^^^^^^^^^^^^^^^^^^^^^^^^^
ValueError: at least one array or dtype is required
------------------------------------------
Running: job=3 idx=921 -> chi2_lung_cancer_df, Particle_Swarm_Optimization, iter=100, particles=1000
No. selected genes: 273
Naive_Bayes
F1 score: 0.9496031746031747
SVM
F1 score: 0.9496031746031747
kNN
F1 score: 0.9761616161616162
Random_Forest
F1 score: 0.9496031746031747
------------------------------------------
Running: job=3 idx=927 -> Ridge_lung_cancer_df, Particle_Swarm_Optimization, iter=100, particles=1000
No. selected genes: 381
Naive_Bayes
F1 score: 0.7426978818283166
SVM
F1 score: 0.9
kNN
F1 score: 0.846031746031746
Random_Forest
F1 score: 0.7526984126984126
------------------------------------------
Running: job=3 idx=933 -> SVM_RFE_lung_cancer_df, Particle_Swarm_Optimization, iter=100, particles=1000
No. selected genes: 25
Naive_Bayes
F1 score: 0.88062893081761
SVM
F1 score: 0.8806130268199233
kNN
F1 score: 0.8806130268199233
Random_Forest
F1 score: 0.9496031746031747
------------------------------------------
Running: job=3 idx=939 -> chi2_lung_cancer_df, Artificial_Bee_Colony, iter=200, particles=500
No. selected genes: 50
Naive_Bayes
F1 score: 0.9031481481481481
SVM
F1 score: 0.8295668549905837
kNN
F1 score: 0.8780303030303029
Random_Forest
F1 score: 0.9187134502923977
------------------------------------------
Running: job=3 idx=945 -> Ridge_lung_cancer_df, Artificial_Bee_Colony, iter=200, particles=500
No. selected genes: 26
Naive_Bayes
F1 score: 0.653931623931624
SVM
F1 score: 0.6887912087912087
kNN
F1 score: 0.67183908045977
Random_Forest
F1 score: 0.7646489104116221
------------------------------------------
Running: job=3 idx=951 -> SVM_RFE_lung_cancer_df, Artificial_Bee_Colony, iter=200, particles=500
This one failed!
Traceback (most recent call last):
  File "/home/rkurjata/kkubicki/cluster/gene-selection-methods.py", line 442, in main
    X_train_normalized_selected_features = func(dataset, particles, iters)
                                           ^^^^^^^^^^^^^^^^^^^^^^^^^^^^^^^
  File "/home/rkurjata/kkubicki/cluster/gene-selection-methods.py", line 141, in artificial_bee_colony
    onlooker_bee_phase(population, fitness_values, X_train, X_test, y_train, y_test, abandonment_counters)
  File "/home/rkurjata/kkubicki/cluster/gene-selection-methods.py", line 117, in onlooker_bee_phase
    new_fitness = evaluate_fitness(new_solution, X_train, X_test, y_train, y_test)
                  ^^^^^^^^^^^^^^^^^^^^^^^^^^^^^^^^^^^^^^^^^^^^^^^^^^^^^^^^^^^^^^^^
  File "/home/rkurjata/kkubicki/cluster/gene-selection-methods.py", line 59, in evaluate_fitness
    classifier.fit(X_train_selected, y_train)
  File "/home/rkurjata/kkubicki/cluster/.venv/lib/python3.11/site-packages/sklearn/base.py", line 1152, in wrapper
    return fit_method(estimator, *args, **kwargs)
           ^^^^^^^^^^^^^^^^^^^^^^^^^^^^^^^^^^^^^^
  File "/home/rkurjata/kkubicki/cluster/.venv/lib/python3.11/site-packages/sklearn/neighbors/_classification.py", line 233, in fit
    return self._fit(X, y)
           ^^^^^^^^^^^^^^^
  File "/home/rkurjata/kkubicki/cluster/.venv/lib/python3.11/site-packages/sklearn/neighbors/_base.py", line 456, in _fit
    X, y = self._validate_data(
           ^^^^^^^^^^^^^^^^^^^^
  File "/home/rkurjata/kkubicki/cluster/.venv/lib/python3.11/site-packages/sklearn/base.py", line 622, in _validate_data
    X, y = check_X_y(X, y, **check_params)
           ^^^^^^^^^^^^^^^^^^^^^^^^^^^^^^^
  File "/home/rkurjata/kkubicki/cluster/.venv/lib/python3.11/site-packages/sklearn/utils/validation.py", line 1146, in check_X_y
    X = check_array(
        ^^^^^^^^^^^^
  File "/home/rkurjata/kkubicki/cluster/.venv/lib/python3.11/site-packages/sklearn/utils/validation.py", line 795, in check_array
    dtype_orig = np.result_type(*dtypes_orig)
                 ^^^^^^^^^^^^^^^^^^^^^^^^^^^^
ValueError: at least one array or dtype is required
------------------------------------------
Running: job=3 idx=957 -> chi2_lung_cancer_df, Particle_Swarm_Optimization, iter=200, particles=500
No. selected genes: 245
Naive_Bayes
F1 score: 0.9257070707070707
SVM
F1 score: 0.951851851851852
kNN
F1 score: 0.9761616161616162
Random_Forest
F1 score: 0.9761616161616162
------------------------------------------
Running: job=3 idx=963 -> Ridge_lung_cancer_df, Particle_Swarm_Optimization, iter=200, particles=500
No. selected genes: 375
Naive_Bayes
F1 score: 0.7466356107660456
SVM
F1 score: 0.9
kNN
F1 score: 0.8112573099415205
Random_Forest
F1 score: 0.8644874899112187
------------------------------------------
Running: job=3 idx=969 -> SVM_RFE_lung_cancer_df, Particle_Swarm_Optimization, iter=200, particles=500
No. selected genes: 31
Naive_Bayes
F1 score: 0.9257070707070707
SVM
F1 score: 0.9496031746031747
kNN
F1 score: 0.9761616161616162
Random_Forest
F1 score: 0.9496031746031747
------------------------------------------
Running: job=3 idx=975 -> chi2_lung_cancer_df, Artificial_Bee_Colony, iter=500, particles=200
No. selected genes: 31
Naive_Bayes
F1 score: 0.9031481481481481
SVM
F1 score: 0.8049999999999999
kNN
F1 score: 0.8933908045977011
Random_Forest
F1 score: 0.9238721804511278
------------------------------------------
Running: job=3 idx=981 -> Ridge_lung_cancer_df, Artificial_Bee_Colony, iter=500, particles=200
No. selected genes: 65
Naive_Bayes
F1 score: 0.5737373737373737
SVM
F1 score: 0.5764705882352941
kNN
F1 score: 0.7383879781420765
Random_Forest
F1 score: 0.7538641686182669
------------------------------------------
Running: job=3 idx=987 -> SVM_RFE_lung_cancer_df, Artificial_Bee_Colony, iter=500, particles=200
No. selected genes: 7
Naive_Bayes
F1 score: 0.879676549865229
SVM
F1 score: 0.8283372365339577
kNN
F1 score: 0.8945812807881772
Random_Forest
F1 score: 0.8355227148330597
------------------------------------------
Running: job=3 idx=993 -> chi2_lung_cancer_df, Particle_Swarm_Optimization, iter=500, particles=200
No. selected genes: 251
Naive_Bayes
F1 score: 0.9257070707070707
SVM
F1 score: 0.9187134502923977
kNN
F1 score: 0.9761616161616162
Random_Forest
F1 score: 0.8806130268199233
------------------------------------------
Running: job=3 idx=999 -> Ridge_lung_cancer_df, Particle_Swarm_Optimization, iter=500, particles=200
No. selected genes: 509
Naive_Bayes
F1 score: 0.6944388944388944
SVM
F1 score: 0.9031481481481481
kNN
F1 score: 0.7673371647509579
Random_Forest
F1 score: 0.8029808985741189
------------------------------------------
Running: job=3 idx=1005 -> SVM_RFE_lung_cancer_df, Particle_Swarm_Optimization, iter=500, particles=200
No. selected genes: 28
Naive_Bayes
F1 score: 0.9496031746031747
SVM
F1 score: 0.9496031746031747
kNN
F1 score: 0.9496031746031747
Random_Forest
F1 score: 0.9496031746031747
------------------------------------------
Running: job=3 idx=1011 -> chi2_lung_cancer_df, Artificial_Bee_Colony, iter=1000, particles=100
No. selected genes: 17
Naive_Bayes
F1 score: 0.8816895368782159
SVM
F1 score: 0.7097435897435898
kNN
F1 score: 0.8383333333333333
Random_Forest
F1 score: 0.870342522974102
------------------------------------------
Running: job=3 idx=1017 -> Ridge_lung_cancer_df, Artificial_Bee_Colony, iter=1000, particles=100
No. selected genes: 69
Naive_Bayes
F1 score: 0.6968784838350056
SVM
F1 score: 0.7382142857142858
kNN
F1 score: 0.8169491525423729
Random_Forest
F1 score: 0.7803864168618266
------------------------------------------
Running: job=3 idx=1023 -> SVM_RFE_lung_cancer_df, Artificial_Bee_Colony, iter=1000, particles=100
No. selected genes: 7
Naive_Bayes
F1 score: 0.9065897065897067
SVM
F1 score: 0.6606060606060605
kNN
F1 score: 0.9027513227513229
Random_Forest
F1 score: 0.9275324675324675
------------------------------------------
Running: job=3 idx=1029 -> chi2_lung_cancer_df, Particle_Swarm_Optimization, iter=1000, particles=100
No. selected genes: 253
Naive_Bayes
F1 score: 0.9496031746031747
SVM
F1 score: 0.9761616161616162
kNN
F1 score: 0.9761616161616162
Random_Forest
F1 score: 0.9496031746031747
------------------------------------------
Running: job=3 idx=1035 -> Ridge_lung_cancer_df, Particle_Swarm_Optimization, iter=1000, particles=100
No. selected genes: 507
Naive_Bayes
F1 score: 0.7668898477409116
SVM
F1 score: 0.9257070707070707
kNN
F1 score: 0.7867816091954023
Random_Forest
F1 score: 0.8029808985741189
------------------------------------------
Running: job=3 idx=1041 -> SVM_RFE_lung_cancer_df, Particle_Swarm_Optimization, iter=1000, particles=100
No. selected genes: 25
Naive_Bayes
F1 score: 0.9257070707070707
SVM
F1 score: 0.9496031746031747
kNN
F1 score: 0.9496031746031747
Random_Forest
F1 score: 0.9187134502923977
------------------------------------------
Running: job=3 idx=1047 -> chi2_lung_cancer_df, Artificial_Bee_Colony, iter=200, particles=1000
No. selected genes: 89
Naive_Bayes
F1 score: 0.9238721804511278
SVM
F1 score: 0.9496031746031747
kNN
F1 score: 0.9292662473794551
Random_Forest
F1 score: 0.8960317460317461
------------------------------------------
Running: job=3 idx=1053 -> Ridge_lung_cancer_df, Artificial_Bee_Colony, iter=200, particles=1000
No. selected genes: 11
Naive_Bayes
F1 score: 0.6028205128205129
SVM
F1 score: 0.6606060606060605
kNN
F1 score: 0.7488095238095237
Random_Forest
F1 score: 0.7598870056497175
------------------------------------------
Running: job=3 idx=1059 -> SVM_RFE_lung_cancer_df, Artificial_Bee_Colony, iter=200, particles=1000
No. selected genes: 17
Naive_Bayes
F1 score: 0.9496031746031747
SVM
F1 score: 0.8295668549905837
kNN
F1 score: 0.9496031746031747
Random_Forest
F1 score: 0.9496031746031747
------------------------------------------
Running: job=3 idx=1065 -> chi2_lung_cancer_df, Particle_Swarm_Optimization, iter=200, particles=1000
No. selected genes: 121
Naive_Bayes
F1 score: 0.95
SVM
F1 score: 0.9187134502923977
kNN
F1 score: 0.9257070707070707
Random_Forest
F1 score: 0.9496031746031747
------------------------------------------
Running: job=3 idx=1071 -> Ridge_lung_cancer_df, Particle_Swarm_Optimization, iter=200, particles=1000
No. selected genes: 353
Naive_Bayes
F1 score: 0.7225702075702074
SVM
F1 score: 0.95
kNN
F1 score: 0.7638095238095237
Random_Forest
F1 score: 0.8314750957854408
------------------------------------------
Running: job=3 idx=1077 -> SVM_RFE_lung_cancer_df, Particle_Swarm_Optimization, iter=200, particles=1000
No. selected genes: 36
Naive_Bayes
F1 score: 0.951851851851852
SVM
F1 score: 0.9187134502923977
kNN
F1 score: 0.9496031746031747
Random_Forest
F1 score: 0.9496031746031747
------------------------------------------
Running: job=3 idx=1083 -> chi2_lung_cancer_df, Artificial_Bee_Colony, iter=1000, particles=200
No. selected genes: 9
Naive_Bayes
F1 score: 0.854786324786325
SVM
F1 score: 0.7803864168618266
kNN
F1 score: 0.8691520467836258
Random_Forest
F1 score: 0.8784067085953877
------------------------------------------
Running: job=3 idx=1089 -> Ridge_lung_cancer_df, Artificial_Bee_Colony, iter=1000, particles=200
No. selected genes: 212
Naive_Bayes
F1 score: 0.7139281008846227
SVM
F1 score: 0.8049999999999999
kNN
F1 score: 0.7927339901477832
Random_Forest
F1 score: 0.7566666666666666
------------------------------------------
Running: job=3 idx=1095 -> SVM_RFE_lung_cancer_df, Artificial_Bee_Colony, iter=1000, particles=200
No. selected genes: 27
Naive_Bayes
F1 score: 0.8828511530398322
SVM
F1 score: 0.8806130268199233
kNN
F1 score: 0.9187134502923977
Random_Forest
F1 score: 0.9496031746031747
------------------------------------------
Running: job=3 idx=1101 -> chi2_lung_cancer_df, Particle_Swarm_Optimization, iter=1000, particles=200
No. selected genes: 260
Naive_Bayes
F1 score: 0.9037037037037038
SVM
F1 score: 0.9496031746031747
kNN
F1 score: 0.951851851851852
Random_Forest
F1 score: 0.9187134502923977
------------------------------------------
Running: job=3 idx=1107 -> Ridge_lung_cancer_df, Particle_Swarm_Optimization, iter=1000, particles=200
No. selected genes: 442
Naive_Bayes
F1 score: 0.7708275766786405
SVM
F1 score: 0.9
kNN
F1 score: 0.8172096908939015
Random_Forest
F1 score: 0.8314750957854408
------------------------------------------
Running: job=3 idx=1113 -> SVM_RFE_lung_cancer_df, Particle_Swarm_Optimization, iter=1000, particles=200
No. selected genes: 26
Naive_Bayes
F1 score: 0.951851851851852
SVM
F1 score: 0.9496031746031747
kNN
F1 score: 0.9496031746031747
Random_Forest
F1 score: 0.9496031746031747
------------------------------------------
Running: job=3 idx=1119 -> chi2_lung_cancer_df, Artificial_Bee_Colony, iter=500, particles=500
No. selected genes: 34
Naive_Bayes
F1 score: 0.9257070707070707
SVM
F1 score: 0.8295668549905837
kNN
F1 score: 0.9187134502923977
Random_Forest
F1 score: 0.9496031746031747
------------------------------------------
Running: job=3 idx=1125 -> Ridge_lung_cancer_df, Artificial_Bee_Colony, iter=500, particles=500
No. selected genes: 16
Naive_Bayes
F1 score: 0.5756410256410257
SVM
F1 score: 0.5764705882352941
kNN
F1 score: 0.7078817733990148
Random_Forest
F1 score: 0.6821038251366119
------------------------------------------
Running: job=3 idx=1131 -> SVM_RFE_lung_cancer_df, Artificial_Bee_Colony, iter=500, particles=500
No. selected genes: 27
Naive_Bayes
F1 score: 0.9257070707070707
SVM
F1 score: 0.9187134502923977
kNN
F1 score: 0.9187134502923977
Random_Forest
F1 score: 0.9496031746031747
------------------------------------------
Running: job=3 idx=1137 -> chi2_lung_cancer_df, Particle_Swarm_Optimization, iter=500, particles=500
No. selected genes: 242
Naive_Bayes
F1 score: 0.9496031746031747
SVM
F1 score: 0.9496031746031747
kNN
F1 score: 0.9761616161616162
Random_Forest
F1 score: 0.9496031746031747
------------------------------------------
Running: job=3 idx=1143 -> Ridge_lung_cancer_df, Particle_Swarm_Optimization, iter=500, particles=500
No. selected genes: 351
Naive_Bayes
F1 score: 0.7623717948717949
SVM
F1 score: 0.9031481481481481
kNN
F1 score: 0.8359195402298851
Random_Forest
F1 score: 0.7788095238095238
------------------------------------------
Running: job=3 idx=1149 -> SVM_RFE_lung_cancer_df, Particle_Swarm_Optimization, iter=500, particles=500
No. selected genes: 26
Naive_Bayes
F1 score: 0.9257070707070707
SVM
F1 score: 0.9187134502923977
kNN
F1 score: 0.9496031746031747
Random_Forest
F1 score: 0.9496031746031747
------------------------------------------
Running: job=3 idx=1155 -> chi2_lung_cancer_df, Artificial_Bee_Colony, iter=500, particles=1000
No. selected genes: 13
Naive_Bayes
F1 score: 0.8816895368782159
SVM
F1 score: 0.6887912087912087
kNN
F1 score: 0.8316233766233765
Random_Forest
F1 score: 0.8960317460317461
------------------------------------------
Running: job=3 idx=1161 -> Ridge_lung_cancer_df, Artificial_Bee_Colony, iter=500, particles=1000
No. selected genes: 15
Naive_Bayes
F1 score: 0.6728080808080807
SVM
F1 score: 0.5764705882352941
kNN
F1 score: 0.7412151067323483
Random_Forest
F1 score: 0.7763440860215054
------------------------------------------
Running: job=3 idx=1167 -> SVM_RFE_lung_cancer_df, Artificial_Bee_Colony, iter=500, particles=1000
No. selected genes: 38
Naive_Bayes
F1 score: 0.9257070707070707
SVM
F1 score: 0.9496031746031747
kNN
F1 score: 0.9187134502923977
Random_Forest
F1 score: 0.9496031746031747
------------------------------------------
Running: job=3 idx=1173 -> chi2_lung_cancer_df, Particle_Swarm_Optimization, iter=500, particles=1000
No. selected genes: 105
Naive_Bayes
F1 score: 0.9257070707070707
SVM
F1 score: 0.8608187134502924
kNN
F1 score: 0.951851851851852
Random_Forest
F1 score: 0.9257070707070707
------------------------------------------
Running: job=3 idx=1179 -> Ridge_lung_cancer_df, Particle_Swarm_Optimization, iter=500, particles=1000
No. selected genes: 360
Naive_Bayes
F1 score: 0.7399797365754812
SVM
F1 score: 0.9238721804511278
kNN
F1 score: 0.8454433497536946
Random_Forest
F1 score: 0.8307142857142857
------------------------------------------
Running: job=3 idx=1185 -> SVM_RFE_lung_cancer_df, Particle_Swarm_Optimization, iter=500, particles=1000
No. selected genes: 27
Naive_Bayes
F1 score: 0.9037037037037038
SVM
F1 score: 0.9734335839598998
kNN
F1 score: 0.9761616161616162
Random_Forest
F1 score: 0.9496031746031747
------------------------------------------
Running: job=3 idx=1191 -> chi2_lung_cancer_df, Artificial_Bee_Colony, iter=1000, particles=500
No. selected genes: 47
Naive_Bayes
F1 score: 0.9037037037037038
SVM
F1 score: 0.9187134502923977
kNN
F1 score: 0.9496031746031747
Random_Forest
F1 score: 0.8806130268199233
------------------------------------------
Running: job=3 idx=1197 -> Ridge_lung_cancer_df, Artificial_Bee_Colony, iter=1000, particles=500
No. selected genes: 23
Naive_Bayes
F1 score: 0.6244745325596389
SVM
F1 score: 0.5764705882352941
kNN
F1 score: 0.7357142857142858
Random_Forest
F1 score: 0.7450546448087432
------------------------------------------
Running: job=3 idx=1203 -> SVM_RFE_lung_cancer_df, Artificial_Bee_Colony, iter=1000, particles=500
No. selected genes: 37
Naive_Bayes
F1 score: 0.9031481481481481
SVM
F1 score: 0.9187134502923977
kNN
F1 score: 0.9187134502923977
Random_Forest
F1 score: 0.9187134502923977
------------------------------------------
Running: job=3 idx=1209 -> chi2_lung_cancer_df, Particle_Swarm_Optimization, iter=1000, particles=500
No. selected genes: 229
Naive_Bayes
F1 score: 0.9496031746031747
SVM
F1 score: 0.9496031746031747
kNN
F1 score: 0.9761616161616162
Random_Forest
F1 score: 0.9496031746031747
------------------------------------------
Running: job=3 idx=1215 -> Ridge_lung_cancer_df, Particle_Swarm_Optimization, iter=1000, particles=500
No. selected genes: 355
Naive_Bayes
F1 score: 0.7371026136983583
SVM
F1 score: 0.9
kNN
F1 score: 0.8230519480519479
Random_Forest
F1 score: 0.8402846195949645
------------------------------------------
Running: job=3 idx=1221 -> SVM_RFE_lung_cancer_df, Particle_Swarm_Optimization, iter=1000, particles=500
No. selected genes: 26
Naive_Bayes
F1 score: 0.9257070707070707
SVM
F1 score: 0.9238721804511278
kNN
F1 score: 0.9496031746031747
Random_Forest
F1 score: 0.9187134502923977
------------------------------------------
Running: job=3 idx=1227 -> chi2_lung_cancer_df, Artificial_Bee_Colony, iter=1000, particles=1000
This one failed!
Traceback (most recent call last):
  File "/home/rkurjata/kkubicki/cluster/gene-selection-methods.py", line 442, in main
    accuracy, precision, sensitivity, f_measure = classif(X_train_normalized_selected_features, X_test_normalized_selected, X_train_normalized_selected_features_y, y_test)
                                       ^^^^^^^^^^^^^^^^^^^^^^^^^^^^^^^
  File "/home/rkurjata/kkubicki/cluster/gene-selection-methods.py", line 140, in artificial_bee_colony
    employed_bee_phase(population, fitness_values, X_train, X_test, y_train, y_test, abandonment_counters)
  File "/home/rkurjata/kkubicki/cluster/gene-selection-methods.py", line 88, in employed_bee_phase
    new_fitness = evaluate_fitness(new_solution, X_train, X_test, y_train, y_test)
                  ^^^^^^^^^^^^^^^^^^^^^^^^^^^^^^^^^^^^^^^^^^^^^^^^^^^^^^^^^^^^^^^^
  File "/home/rkurjata/kkubicki/cluster/gene-selection-methods.py", line 59, in evaluate_fitness
    classifier.fit(X_train_selected, y_train)
  File "/home/rkurjata/kkubicki/cluster/.venv/lib/python3.11/site-packages/sklearn/base.py", line 1152, in wrapper
    return fit_method(estimator, *args, **kwargs)
           ^^^^^^^^^^^^^^^^^^^^^^^^^^^^^^^^^^^^^^
  File "/home/rkurjata/kkubicki/cluster/.venv/lib/python3.11/site-packages/sklearn/neighbors/_classification.py", line 233, in fit
    return self._fit(X, y)
           ^^^^^^^^^^^^^^^
  File "/home/rkurjata/kkubicki/cluster/.venv/lib/python3.11/site-packages/sklearn/neighbors/_base.py", line 456, in _fit
    X, y = self._validate_data(
           ^^^^^^^^^^^^^^^^^^^^
  File "/home/rkurjata/kkubicki/cluster/.venv/lib/python3.11/site-packages/sklearn/base.py", line 622, in _validate_data
    X, y = check_X_y(X, y, **check_params)
           ^^^^^^^^^^^^^^^^^^^^^^^^^^^^^^^
  File "/home/rkurjata/kkubicki/cluster/.venv/lib/python3.11/site-packages/sklearn/utils/validation.py", line 1146, in check_X_y
    X = check_array(
        ^^^^^^^^^^^^
  File "/home/rkurjata/kkubicki/cluster/.venv/lib/python3.11/site-packages/sklearn/utils/validation.py", line 795, in check_array
    dtype_orig = np.result_type(*dtypes_orig)
                 ^^^^^^^^^^^^^^^^^^^^^^^^^^^^
ValueError: at least one array or dtype is required
------------------------------------------
Running: job=3 idx=1233 -> Ridge_lung_cancer_df, Artificial_Bee_Colony, iter=1000, particles=1000
No. selected genes: 12
Naive_Bayes
F1 score: 0.5877056277056277
SVM
F1 score: 0.5764705882352941
kNN
F1 score: 0.6216589861751153
Random_Forest
F1 score: 0.701634382566586
------------------------------------------
Running: job=3 idx=1239 -> SVM_RFE_lung_cancer_df, Artificial_Bee_Colony, iter=1000, particles=1000
No. selected genes: 34
Naive_Bayes
F1 score: 0.8960317460317461
SVM
F1 score: 0.8806130268199233
kNN
F1 score: 0.8806130268199233
Random_Forest
F1 score: 0.9187134502923977
------------------------------------------
Running: job=3 idx=1245 -> chi2_lung_cancer_df, Particle_Swarm_Optimization, iter=1000, particles=1000
No. selected genes: 257
Naive_Bayes
F1 score: 0.9496031746031747
SVM
F1 score: 0.9496031746031747
kNN
F1 score: 0.951851851851852
Random_Forest
F1 score: 0.9496031746031747
------------------------------------------
Running: job=3 idx=1251 -> Ridge_lung_cancer_df, Particle_Swarm_Optimization, iter=1000, particles=1000
No. selected genes: 351
Naive_Bayes
F1 score: 0.7623717948717949
SVM
F1 score: 0.9
kNN
F1 score: 0.8172096908939015
Random_Forest
F1 score: 0.8454433497536946
------------------------------------------
Running: job=3 idx=1257 -> SVM_RFE_lung_cancer_df, Particle_Swarm_Optimization, iter=1000, particles=1000
No. selected genes: 29
Naive_Bayes
F1 score: 0.9037037037037038
SVM
F1 score: 0.9187134502923977
kNN
F1 score: 0.9496031746031747
Random_Forest
F1 score: 0.9187134502923977
------------------------------------------
Work completed for job=3
